This is pdfTeX, Version 3.141592653-2.6-1.40.25 (TeX Live 2023) (preloaded format=pdflatex 2023.6.29)  29 NOV 2024 17:18
entering extended mode
 restricted \write18 enabled.
 %&-line parsing enabled.
**rhizodeposit_influence_manuscript.tex
(./rhizodeposit_influence_manuscript.tex
LaTeX2e <2023-06-01> patch level 1
L3 programming layer <2023-06-16>
(c:/texlive/2023/texmf-dist/tex/latex/base/article.cls
Document Class: article 2023/05/17 v1.4n Standard LaTeX document class
(c:/texlive/2023/texmf-dist/tex/latex/base/size11.clo
File: size11.clo 2023/05/17 v1.4n Standard LaTeX file (size option)
)
\c@part=\count185
\c@section=\count186
\c@subsection=\count187
\c@subsubsection=\count188
\c@paragraph=\count189
\c@subparagraph=\count190
\c@figure=\count191
\c@table=\count192
\abovecaptionskip=\skip48
\belowcaptionskip=\skip49
\bibindent=\dimen140
)
(c:/texlive/2023/texmf-dist/tex/latex/amsfonts/amssymb.sty
Package: amssymb 2013/01/14 v3.01 AMS font symbols

(c:/texlive/2023/texmf-dist/tex/latex/amsfonts/amsfonts.sty
Package: amsfonts 2013/01/14 v3.01 Basic AMSFonts support
\@emptytoks=\toks17
\symAMSa=\mathgroup4
\symAMSb=\mathgroup5
LaTeX Font Info:    Redeclaring math symbol \hbar on input line 98.
LaTeX Font Info:    Overwriting math alphabet `\mathfrak' in version `bold'
(Font)                  U/euf/m/n --> U/euf/b/n on input line 106.
))
(c:/texlive/2023/texmf-dist/tex/latex/amsmath/amsmath.sty
Package: amsmath 2023/05/13 v2.17o AMS math features
\@mathmargin=\skip50

For additional information on amsmath, use the `?' option.
(c:/texlive/2023/texmf-dist/tex/latex/amsmath/amstext.sty
Package: amstext 2021/08/26 v2.01 AMS text

(c:/texlive/2023/texmf-dist/tex/latex/amsmath/amsgen.sty
File: amsgen.sty 1999/11/30 v2.0 generic functions
\@emptytoks=\toks18
\ex@=\dimen141
))
(c:/texlive/2023/texmf-dist/tex/latex/amsmath/amsbsy.sty
Package: amsbsy 1999/11/29 v1.2d Bold Symbols
\pmbraise@=\dimen142
)
(c:/texlive/2023/texmf-dist/tex/latex/amsmath/amsopn.sty
Package: amsopn 2022/04/08 v2.04 operator names
)
\inf@bad=\count193
LaTeX Info: Redefining \frac on input line 234.
\uproot@=\count194
\leftroot@=\count195
LaTeX Info: Redefining \overline on input line 399.
LaTeX Info: Redefining \colon on input line 410.
\classnum@=\count196
\DOTSCASE@=\count197
LaTeX Info: Redefining \ldots on input line 496.
LaTeX Info: Redefining \dots on input line 499.
LaTeX Info: Redefining \cdots on input line 620.
\Mathstrutbox@=\box51
\strutbox@=\box52
LaTeX Info: Redefining \big on input line 722.
LaTeX Info: Redefining \Big on input line 723.
LaTeX Info: Redefining \bigg on input line 724.
LaTeX Info: Redefining \Bigg on input line 725.
\big@size=\dimen143
LaTeX Font Info:    Redeclaring font encoding OML on input line 743.
LaTeX Font Info:    Redeclaring font encoding OMS on input line 744.
\macc@depth=\count198
LaTeX Info: Redefining \bmod on input line 905.
LaTeX Info: Redefining \pmod on input line 910.
LaTeX Info: Redefining \smash on input line 940.
LaTeX Info: Redefining \relbar on input line 970.
LaTeX Info: Redefining \Relbar on input line 971.
\c@MaxMatrixCols=\count199
\dotsspace@=\muskip16
\c@parentequation=\count266
\dspbrk@lvl=\count267
\tag@help=\toks19
\row@=\count268
\column@=\count269
\maxfields@=\count270
\andhelp@=\toks20
\eqnshift@=\dimen144
\alignsep@=\dimen145
\tagshift@=\dimen146
\tagwidth@=\dimen147
\totwidth@=\dimen148
\lineht@=\dimen149
\@envbody=\toks21
\multlinegap=\skip51
\multlinetaggap=\skip52
\mathdisplay@stack=\toks22
LaTeX Info: Redefining \[ on input line 2953.
LaTeX Info: Redefining \] on input line 2954.
)
(c:/texlive/2023/texmf-dist/tex/latex/lineno/lineno.sty
Package: lineno 2023/05/20 line numbers on paragraphs v5.3

(c:/texlive/2023/texmf-dist/tex/latex/etoolbox/etoolbox.sty
Package: etoolbox 2020/10/05 v2.5k e-TeX tools for LaTeX (JAW)
\etb@tempcnta=\count271
)
(c:/texlive/2023/texmf-dist/tex/latex/kvoptions/kvoptions.sty
Package: kvoptions 2022-06-15 v3.15 Key value format for package options (HO)

(c:/texlive/2023/texmf-dist/tex/latex/graphics/keyval.sty
Package: keyval 2022/05/29 v1.15 key=value parser (DPC)
\KV@toks@=\toks23
)
(c:/texlive/2023/texmf-dist/tex/generic/ltxcmds/ltxcmds.sty
Package: ltxcmds 2020-05-10 v1.25 LaTeX kernel commands for general use (HO)
)
(c:/texlive/2023/texmf-dist/tex/latex/kvsetkeys/kvsetkeys.sty
Package: kvsetkeys 2022-10-05 v1.19 Key value parser (HO)
))
\linenopenalty=\count272
\output=\toks24
\linenoprevgraf=\count273
\linenumbersep=\dimen150
\linenumberwidth=\dimen151
\c@linenumber=\count274
\c@pagewiselinenumber=\count275
\c@LN@truepage=\count276
\c@internallinenumber=\count277
\c@internallinenumbers=\count278
\quotelinenumbersep=\dimen152
\bframerule=\dimen153
\bframesep=\dimen154
\bframebox=\box53
\linenoamsmath@ams@eqpen=\count279
LaTeX Info: Redefining \\ on input line 3180.
)
(c:/texlive/2023/texmf-dist/tex/latex/doublestroke/dsfont.sty
Package: dsfont 1995/08/01 v0.1 Double stroke roman fonts
)
(c:/texlive/2023/texmf-dist/tex/latex/amscls/amsthm.sty
Package: amsthm 2020/05/29 v2.20.6
\thm@style=\toks25
\thm@bodyfont=\toks26
\thm@headfont=\toks27
\thm@notefont=\toks28
\thm@headpunct=\toks29
\thm@preskip=\skip53
\thm@postskip=\skip54
\thm@headsep=\skip55
\dth@everypar=\toks30
)
(c:/texlive/2023/texmf-dist/tex/latex/mathtools/mathtools.sty
Package: mathtools 2022/06/29 v1.29 mathematical typesetting tools

(c:/texlive/2023/texmf-dist/tex/latex/tools/calc.sty
Package: calc 2017/05/25 v4.3 Infix arithmetic (KKT,FJ)
\calc@Acount=\count280
\calc@Bcount=\count281
\calc@Adimen=\dimen155
\calc@Bdimen=\dimen156
\calc@Askip=\skip56
\calc@Bskip=\skip57
LaTeX Info: Redefining \setlength on input line 80.
LaTeX Info: Redefining \addtolength on input line 81.
\calc@Ccount=\count282
\calc@Cskip=\skip58
)
(c:/texlive/2023/texmf-dist/tex/latex/mathtools/mhsetup.sty
Package: mhsetup 2021/03/18 v1.4 programming setup (MH)
)
\g_MT_multlinerow_int=\count283
\l_MT_multwidth_dim=\dimen157
\origjot=\skip59
\l_MT_shortvdotswithinadjustabove_dim=\dimen158
\l_MT_shortvdotswithinadjustbelow_dim=\dimen159
\l_MT_above_intertext_sep=\dimen160
\l_MT_below_intertext_sep=\dimen161
\l_MT_above_shortintertext_sep=\dimen162
\l_MT_below_shortintertext_sep=\dimen163
\xmathstrut@box=\box54
\xmathstrut@dim=\dimen164
)
(c:/texlive/2023/texmf-dist/tex/latex/pgf/frontendlayer/tikz.sty
(c:/texlive/2023/texmf-dist/tex/latex/pgf/basiclayer/pgf.sty
(c:/texlive/2023/texmf-dist/tex/latex/pgf/utilities/pgfrcs.sty
(c:/texlive/2023/texmf-dist/tex/generic/pgf/utilities/pgfutil-common.tex
\pgfutil@everybye=\toks31
\pgfutil@tempdima=\dimen165
\pgfutil@tempdimb=\dimen166
)
(c:/texlive/2023/texmf-dist/tex/generic/pgf/utilities/pgfutil-latex.def
\pgfutil@abb=\box55
)
(c:/texlive/2023/texmf-dist/tex/generic/pgf/utilities/pgfrcs.code.tex
(c:/texlive/2023/texmf-dist/tex/generic/pgf/pgf.revision.tex)
Package: pgfrcs 2023-01-15 v3.1.10 (3.1.10)
))
Package: pgf 2023-01-15 v3.1.10 (3.1.10)

(c:/texlive/2023/texmf-dist/tex/latex/pgf/basiclayer/pgfcore.sty
(c:/texlive/2023/texmf-dist/tex/latex/graphics/graphicx.sty
Package: graphicx 2021/09/16 v1.2d Enhanced LaTeX Graphics (DPC,SPQR)

(c:/texlive/2023/texmf-dist/tex/latex/graphics/graphics.sty
Package: graphics 2022/03/10 v1.4e Standard LaTeX Graphics (DPC,SPQR)

(c:/texlive/2023/texmf-dist/tex/latex/graphics/trig.sty
Package: trig 2021/08/11 v1.11 sin cos tan (DPC)
)
(c:/texlive/2023/texmf-dist/tex/latex/graphics-cfg/graphics.cfg
File: graphics.cfg 2016/06/04 v1.11 sample graphics configuration
)
Package graphics Info: Driver file: pdftex.def on input line 107.

(c:/texlive/2023/texmf-dist/tex/latex/graphics-def/pdftex.def
File: pdftex.def 2022/09/22 v1.2b Graphics/color driver for pdftex
))
\Gin@req@height=\dimen167
\Gin@req@width=\dimen168
)
(c:/texlive/2023/texmf-dist/tex/latex/pgf/systemlayer/pgfsys.sty
(c:/texlive/2023/texmf-dist/tex/generic/pgf/systemlayer/pgfsys.code.tex
Package: pgfsys 2023-01-15 v3.1.10 (3.1.10)

(c:/texlive/2023/texmf-dist/tex/generic/pgf/utilities/pgfkeys.code.tex
\pgfkeys@pathtoks=\toks32
\pgfkeys@temptoks=\toks33

(c:/texlive/2023/texmf-dist/tex/generic/pgf/utilities/pgfkeyslibraryfiltered.co
de.tex
\pgfkeys@tmptoks=\toks34
))
\pgf@x=\dimen169
\pgf@y=\dimen170
\pgf@xa=\dimen171
\pgf@ya=\dimen172
\pgf@xb=\dimen173
\pgf@yb=\dimen174
\pgf@xc=\dimen175
\pgf@yc=\dimen176
\pgf@xd=\dimen177
\pgf@yd=\dimen178
\w@pgf@writea=\write3
\r@pgf@reada=\read2
\c@pgf@counta=\count284
\c@pgf@countb=\count285
\c@pgf@countc=\count286
\c@pgf@countd=\count287
\t@pgf@toka=\toks35
\t@pgf@tokb=\toks36
\t@pgf@tokc=\toks37
\pgf@sys@id@count=\count288
 (c:/texlive/2023/texmf-dist/tex/generic/pgf/systemlayer/pgf.cfg
File: pgf.cfg 2023-01-15 v3.1.10 (3.1.10)
)
Driver file for pgf: pgfsys-pdftex.def

(c:/texlive/2023/texmf-dist/tex/generic/pgf/systemlayer/pgfsys-pdftex.def
File: pgfsys-pdftex.def 2023-01-15 v3.1.10 (3.1.10)

(c:/texlive/2023/texmf-dist/tex/generic/pgf/systemlayer/pgfsys-common-pdf.def
File: pgfsys-common-pdf.def 2023-01-15 v3.1.10 (3.1.10)
)))
(c:/texlive/2023/texmf-dist/tex/generic/pgf/systemlayer/pgfsyssoftpath.code.tex
File: pgfsyssoftpath.code.tex 2023-01-15 v3.1.10 (3.1.10)
\pgfsyssoftpath@smallbuffer@items=\count289
\pgfsyssoftpath@bigbuffer@items=\count290
)
(c:/texlive/2023/texmf-dist/tex/generic/pgf/systemlayer/pgfsysprotocol.code.tex
File: pgfsysprotocol.code.tex 2023-01-15 v3.1.10 (3.1.10)
)) (c:/texlive/2023/texmf-dist/tex/latex/xcolor/xcolor.sty
Package: xcolor 2022/06/12 v2.14 LaTeX color extensions (UK)

(c:/texlive/2023/texmf-dist/tex/latex/graphics-cfg/color.cfg
File: color.cfg 2016/01/02 v1.6 sample color configuration
)
Package xcolor Info: Driver file: pdftex.def on input line 227.

(c:/texlive/2023/texmf-dist/tex/latex/graphics/mathcolor.ltx)
Package xcolor Info: Model `cmy' substituted by `cmy0' on input line 1353.
Package xcolor Info: Model `hsb' substituted by `rgb' on input line 1357.
Package xcolor Info: Model `RGB' extended on input line 1369.
Package xcolor Info: Model `HTML' substituted by `rgb' on input line 1371.
Package xcolor Info: Model `Hsb' substituted by `hsb' on input line 1372.
Package xcolor Info: Model `tHsb' substituted by `hsb' on input line 1373.
Package xcolor Info: Model `HSB' substituted by `hsb' on input line 1374.
Package xcolor Info: Model `Gray' substituted by `gray' on input line 1375.
Package xcolor Info: Model `wave' substituted by `hsb' on input line 1376.
)
(c:/texlive/2023/texmf-dist/tex/generic/pgf/basiclayer/pgfcore.code.tex
Package: pgfcore 2023-01-15 v3.1.10 (3.1.10)

(c:/texlive/2023/texmf-dist/tex/generic/pgf/math/pgfmath.code.tex
(c:/texlive/2023/texmf-dist/tex/generic/pgf/math/pgfmathutil.code.tex)
(c:/texlive/2023/texmf-dist/tex/generic/pgf/math/pgfmathparser.code.tex
\pgfmath@dimen=\dimen179
\pgfmath@count=\count291
\pgfmath@box=\box56
\pgfmath@toks=\toks38
\pgfmath@stack@operand=\toks39
\pgfmath@stack@operation=\toks40
)
(c:/texlive/2023/texmf-dist/tex/generic/pgf/math/pgfmathfunctions.code.tex)
(c:/texlive/2023/texmf-dist/tex/generic/pgf/math/pgfmathfunctions.basic.code.te
x)
(c:/texlive/2023/texmf-dist/tex/generic/pgf/math/pgfmathfunctions.trigonometric
.code.tex)
(c:/texlive/2023/texmf-dist/tex/generic/pgf/math/pgfmathfunctions.random.code.t
ex)
(c:/texlive/2023/texmf-dist/tex/generic/pgf/math/pgfmathfunctions.comparison.co
de.tex)
(c:/texlive/2023/texmf-dist/tex/generic/pgf/math/pgfmathfunctions.base.code.tex
)
(c:/texlive/2023/texmf-dist/tex/generic/pgf/math/pgfmathfunctions.round.code.te
x)
(c:/texlive/2023/texmf-dist/tex/generic/pgf/math/pgfmathfunctions.misc.code.tex
)
(c:/texlive/2023/texmf-dist/tex/generic/pgf/math/pgfmathfunctions.integerarithm
etics.code.tex)
(c:/texlive/2023/texmf-dist/tex/generic/pgf/math/pgfmathcalc.code.tex)
(c:/texlive/2023/texmf-dist/tex/generic/pgf/math/pgfmathfloat.code.tex
\c@pgfmathroundto@lastzeros=\count292
))
(c:/texlive/2023/texmf-dist/tex/generic/pgf/math/pgfint.code.tex)
(c:/texlive/2023/texmf-dist/tex/generic/pgf/basiclayer/pgfcorepoints.code.tex
File: pgfcorepoints.code.tex 2023-01-15 v3.1.10 (3.1.10)
\pgf@picminx=\dimen180
\pgf@picmaxx=\dimen181
\pgf@picminy=\dimen182
\pgf@picmaxy=\dimen183
\pgf@pathminx=\dimen184
\pgf@pathmaxx=\dimen185
\pgf@pathminy=\dimen186
\pgf@pathmaxy=\dimen187
\pgf@xx=\dimen188
\pgf@xy=\dimen189
\pgf@yx=\dimen190
\pgf@yy=\dimen191
\pgf@zx=\dimen192
\pgf@zy=\dimen193
)
(c:/texlive/2023/texmf-dist/tex/generic/pgf/basiclayer/pgfcorepathconstruct.cod
e.tex
File: pgfcorepathconstruct.code.tex 2023-01-15 v3.1.10 (3.1.10)
\pgf@path@lastx=\dimen194
\pgf@path@lasty=\dimen195
)
(c:/texlive/2023/texmf-dist/tex/generic/pgf/basiclayer/pgfcorepathusage.code.te
x
File: pgfcorepathusage.code.tex 2023-01-15 v3.1.10 (3.1.10)
\pgf@shorten@end@additional=\dimen196
\pgf@shorten@start@additional=\dimen197
)
(c:/texlive/2023/texmf-dist/tex/generic/pgf/basiclayer/pgfcorescopes.code.tex
File: pgfcorescopes.code.tex 2023-01-15 v3.1.10 (3.1.10)
\pgfpic=\box57
\pgf@hbox=\box58
\pgf@layerbox@main=\box59
\pgf@picture@serial@count=\count293
)
(c:/texlive/2023/texmf-dist/tex/generic/pgf/basiclayer/pgfcoregraphicstate.code
.tex
File: pgfcoregraphicstate.code.tex 2023-01-15 v3.1.10 (3.1.10)
\pgflinewidth=\dimen198
)
(c:/texlive/2023/texmf-dist/tex/generic/pgf/basiclayer/pgfcoretransformations.c
ode.tex
File: pgfcoretransformations.code.tex 2023-01-15 v3.1.10 (3.1.10)
\pgf@pt@x=\dimen199
\pgf@pt@y=\dimen256
\pgf@pt@temp=\dimen257
)
(c:/texlive/2023/texmf-dist/tex/generic/pgf/basiclayer/pgfcorequick.code.tex
File: pgfcorequick.code.tex 2023-01-15 v3.1.10 (3.1.10)
)
(c:/texlive/2023/texmf-dist/tex/generic/pgf/basiclayer/pgfcoreobjects.code.tex
File: pgfcoreobjects.code.tex 2023-01-15 v3.1.10 (3.1.10)
)
(c:/texlive/2023/texmf-dist/tex/generic/pgf/basiclayer/pgfcorepathprocessing.co
de.tex
File: pgfcorepathprocessing.code.tex 2023-01-15 v3.1.10 (3.1.10)
)
(c:/texlive/2023/texmf-dist/tex/generic/pgf/basiclayer/pgfcorearrows.code.tex
File: pgfcorearrows.code.tex 2023-01-15 v3.1.10 (3.1.10)
\pgfarrowsep=\dimen258
)
(c:/texlive/2023/texmf-dist/tex/generic/pgf/basiclayer/pgfcoreshade.code.tex
File: pgfcoreshade.code.tex 2023-01-15 v3.1.10 (3.1.10)
\pgf@max=\dimen259
\pgf@sys@shading@range@num=\count294
\pgf@shadingcount=\count295
)
(c:/texlive/2023/texmf-dist/tex/generic/pgf/basiclayer/pgfcoreimage.code.tex
File: pgfcoreimage.code.tex 2023-01-15 v3.1.10 (3.1.10)
)
(c:/texlive/2023/texmf-dist/tex/generic/pgf/basiclayer/pgfcoreexternal.code.tex
File: pgfcoreexternal.code.tex 2023-01-15 v3.1.10 (3.1.10)
\pgfexternal@startupbox=\box60
) (c:/texlive/2023/texmf-dist/tex/generic/pgf/basiclayer/pgfcorelayers.code.tex
File: pgfcorelayers.code.tex 2023-01-15 v3.1.10 (3.1.10)
)
(c:/texlive/2023/texmf-dist/tex/generic/pgf/basiclayer/pgfcoretransparency.code
.tex
File: pgfcoretransparency.code.tex 2023-01-15 v3.1.10 (3.1.10)
)
(c:/texlive/2023/texmf-dist/tex/generic/pgf/basiclayer/pgfcorepatterns.code.tex
File: pgfcorepatterns.code.tex 2023-01-15 v3.1.10 (3.1.10)
) (c:/texlive/2023/texmf-dist/tex/generic/pgf/basiclayer/pgfcorerdf.code.tex
File: pgfcorerdf.code.tex 2023-01-15 v3.1.10 (3.1.10)
))) (c:/texlive/2023/texmf-dist/tex/generic/pgf/modules/pgfmoduleshapes.code.te
x
File: pgfmoduleshapes.code.tex 2023-01-15 v3.1.10 (3.1.10)
\pgfnodeparttextbox=\box61
)
(c:/texlive/2023/texmf-dist/tex/generic/pgf/modules/pgfmoduleplot.code.tex
File: pgfmoduleplot.code.tex 2023-01-15 v3.1.10 (3.1.10)
)
(c:/texlive/2023/texmf-dist/tex/latex/pgf/compatibility/pgfcomp-version-0-65.st
y
Package: pgfcomp-version-0-65 2023-01-15 v3.1.10 (3.1.10)
\pgf@nodesepstart=\dimen260
\pgf@nodesepend=\dimen261
)
(c:/texlive/2023/texmf-dist/tex/latex/pgf/compatibility/pgfcomp-version-1-18.st
y
Package: pgfcomp-version-1-18 2023-01-15 v3.1.10 (3.1.10)
)) (c:/texlive/2023/texmf-dist/tex/latex/pgf/utilities/pgffor.sty
(c:/texlive/2023/texmf-dist/tex/latex/pgf/utilities/pgfkeys.sty
(c:/texlive/2023/texmf-dist/tex/generic/pgf/utilities/pgfkeys.code.tex))
(c:/texlive/2023/texmf-dist/tex/latex/pgf/math/pgfmath.sty
(c:/texlive/2023/texmf-dist/tex/generic/pgf/math/pgfmath.code.tex))
(c:/texlive/2023/texmf-dist/tex/generic/pgf/utilities/pgffor.code.tex
Package: pgffor 2023-01-15 v3.1.10 (3.1.10)
\pgffor@iter=\dimen262
\pgffor@skip=\dimen263
\pgffor@stack=\toks41
\pgffor@toks=\toks42
))
(c:/texlive/2023/texmf-dist/tex/generic/pgf/frontendlayer/tikz/tikz.code.tex
Package: tikz 2023-01-15 v3.1.10 (3.1.10)

(c:/texlive/2023/texmf-dist/tex/generic/pgf/libraries/pgflibraryplothandlers.co
de.tex
File: pgflibraryplothandlers.code.tex 2023-01-15 v3.1.10 (3.1.10)
\pgf@plot@mark@count=\count296
\pgfplotmarksize=\dimen264
)
\tikz@lastx=\dimen265
\tikz@lasty=\dimen266
\tikz@lastxsaved=\dimen267
\tikz@lastysaved=\dimen268
\tikz@lastmovetox=\dimen269
\tikz@lastmovetoy=\dimen270
\tikzleveldistance=\dimen271
\tikzsiblingdistance=\dimen272
\tikz@figbox=\box62
\tikz@figbox@bg=\box63
\tikz@tempbox=\box64
\tikz@tempbox@bg=\box65
\tikztreelevel=\count297
\tikznumberofchildren=\count298
\tikznumberofcurrentchild=\count299
\tikz@fig@count=\count300

(c:/texlive/2023/texmf-dist/tex/generic/pgf/modules/pgfmodulematrix.code.tex
File: pgfmodulematrix.code.tex 2023-01-15 v3.1.10 (3.1.10)
\pgfmatrixcurrentrow=\count301
\pgfmatrixcurrentcolumn=\count302
\pgf@matrix@numberofcolumns=\count303
)
\tikz@expandcount=\count304

(c:/texlive/2023/texmf-dist/tex/generic/pgf/frontendlayer/tikz/libraries/tikzli
brarytopaths.code.tex
File: tikzlibrarytopaths.code.tex 2023-01-15 v3.1.10 (3.1.10)
)))
(c:/texlive/2023/texmf-dist/tex/generic/pgf/frontendlayer/tikz/libraries/tikzli
braryshapes.geometric.code.tex
File: tikzlibraryshapes.geometric.code.tex 2023-01-15 v3.1.10 (3.1.10)

(c:/texlive/2023/texmf-dist/tex/generic/pgf/libraries/shapes/pgflibraryshapes.g
eometric.code.tex
File: pgflibraryshapes.geometric.code.tex 2023-01-15 v3.1.10 (3.1.10)
))
(c:/texlive/2023/texmf-dist/tex/generic/pgf/frontendlayer/tikz/libraries/tikzli
braryarrows.code.tex
File: tikzlibraryarrows.code.tex 2023-01-15 v3.1.10 (3.1.10)

(c:/texlive/2023/texmf-dist/tex/generic/pgf/libraries/pgflibraryarrows.code.tex
File: pgflibraryarrows.code.tex 2023-01-15 v3.1.10 (3.1.10)
\arrowsize=\dimen273
)) (c:/texlive/2023/texmf-dist/tex/latex/multirow/multirow.sty
Package: multirow 2021/03/15 v2.8 Span multiple rows of a table
\multirow@colwidth=\skip60
\multirow@cntb=\count305
\multirow@dima=\skip61
\bigstrutjot=\dimen274
)
(c:/texlive/2023/texmf-dist/tex/latex/physics/physics.sty
Package: physics 

(c:/texlive/2023/texmf-dist/tex/latex/l3packages/xparse/xparse.sty
(c:/texlive/2023/texmf-dist/tex/latex/l3kernel/expl3.sty
Package: expl3 2023-06-16 L3 programming layer (loader) 

(c:/texlive/2023/texmf-dist/tex/latex/l3backend/l3backend-pdftex.def
File: l3backend-pdftex.def 2023-04-19 L3 backend support: PDF output (pdfTeX)
\l__color_backend_stack_int=\count306
\l__pdf_internal_box=\box66
))
Package: xparse 2023-02-02 L3 Experimental document command parser
))
(c:/texlive/2023/texmf-dist/tex/latex/caption/caption.sty
Package: caption 2023/03/12 v3.6j Customizing captions (AR)

(c:/texlive/2023/texmf-dist/tex/latex/caption/caption3.sty
Package: caption3 2023/03/12 v2.4 caption3 kernel (AR)
\caption@tempdima=\dimen275
\captionmargin=\dimen276
\caption@leftmargin=\dimen277
\caption@rightmargin=\dimen278
\caption@width=\dimen279
\caption@indent=\dimen280
\caption@parindent=\dimen281
\caption@hangindent=\dimen282
Package caption Info: Standard document class detected.
)
\c@caption@flags=\count307
\c@continuedfloat=\count308
)
(c:/texlive/2023/texmf-dist/tex/latex/caption/subcaption.sty
Package: subcaption 2023/02/19 v1.6 Sub-captions (AR)
Package caption Info: New subtype `subfigure' on input line 239.
\c@subfigure=\count309
Package caption Info: New subtype `subtable' on input line 239.
\c@subtable=\count310
)
(c:/texlive/2023/texmf-dist/tex/latex/listings/listings.sty
\lst@mode=\count311
\lst@gtempboxa=\box67
\lst@token=\toks43
\lst@length=\count312
\lst@currlwidth=\dimen283
\lst@column=\count313
\lst@pos=\count314
\lst@lostspace=\dimen284
\lst@width=\dimen285
\lst@newlines=\count315
\lst@lineno=\count316
\lst@maxwidth=\dimen286

(c:/texlive/2023/texmf-dist/tex/latex/listings/lstmisc.sty
File: lstmisc.sty 2023/02/27 1.9 (Carsten Heinz)
\c@lstnumber=\count317
\lst@skipnumbers=\count318
\lst@framebox=\box68
)
(c:/texlive/2023/texmf-dist/tex/latex/listings/listings.cfg
File: listings.cfg 2023/02/27 1.9 listings configuration
))
Package: listings 2023/02/27 1.9 (Carsten Heinz)

(c:/texlive/2023/texmf-dist/tex/latex/relsize/relsize.sty
Package: relsize 2013/03/29 ver 4.1
)
(c:/texlive/2023/texmf-dist/tex/latex/bigints/bigints.sty
Package: bigints 2010/02/15 Writing big integrals
Package bigints Info: This is Bigints by Merciadri Luca. on input line 5.
)
(c:/texlive/2023/texmf-dist/tex/latex/natbib/natbib.sty
Package: natbib 2010/09/13 8.31b (PWD, AO)
\bibhang=\skip62
\bibsep=\skip63
LaTeX Info: Redefining \cite on input line 694.
\c@NAT@ctr=\count319
)
(c:/texlive/2023/texmf-dist/tex/latex/adjustbox/adjustbox.sty
Package: adjustbox 2022/10/17 v1.3a Adjusting TeX boxes (trim, clip, ...)

(c:/texlive/2023/texmf-dist/tex/latex/xkeyval/xkeyval.sty
Package: xkeyval 2022/06/16 v2.9 package option processing (HA)

(c:/texlive/2023/texmf-dist/tex/generic/xkeyval/xkeyval.tex
(c:/texlive/2023/texmf-dist/tex/generic/xkeyval/xkvutils.tex
\XKV@toks=\toks44
\XKV@tempa@toks=\toks45
)
\XKV@depth=\count320
File: xkeyval.tex 2014/12/03 v2.7a key=value parser (HA)
))
(c:/texlive/2023/texmf-dist/tex/latex/adjustbox/adjcalc.sty
Package: adjcalc 2012/05/16 v1.1 Provides advanced setlength with multiple back
-ends (calc, etex, pgfmath)
)
(c:/texlive/2023/texmf-dist/tex/latex/adjustbox/trimclip.sty
Package: trimclip 2020/08/19 v1.2 Trim and clip general TeX material

(c:/texlive/2023/texmf-dist/tex/latex/collectbox/collectbox.sty
Package: collectbox 2022/10/17 v0.4c Collect macro arguments as boxes
\collectedbox=\box69
)
\tc@llx=\dimen287
\tc@lly=\dimen288
\tc@urx=\dimen289
\tc@ury=\dimen290
Package trimclip Info: Using driver 'tc-pdftex.def'.

(c:/texlive/2023/texmf-dist/tex/latex/adjustbox/tc-pdftex.def
File: tc-pdftex.def 2019/01/04 v2.2 Clipping driver for pdftex
))
\adjbox@Width=\dimen291
\adjbox@Height=\dimen292
\adjbox@Depth=\dimen293
\adjbox@Totalheight=\dimen294
\adjbox@pwidth=\dimen295
\adjbox@pheight=\dimen296
\adjbox@pdepth=\dimen297
\adjbox@ptotalheight=\dimen298

(c:/texlive/2023/texmf-dist/tex/latex/ifoddpage/ifoddpage.sty
Package: ifoddpage 2022/10/18 v1.2 Conditionals for odd/even page detection
\c@checkoddpage=\count321
)
(c:/texlive/2023/texmf-dist/tex/latex/varwidth/varwidth.sty
Package: varwidth 2009/03/30 ver 0.92;  Variable-width minipages
\@vwid@box=\box70
\sift@deathcycles=\count322
\@vwid@loff=\dimen299
\@vwid@roff=\dimen300
))
(c:/texlive/2023/texmf-dist/tex/latex/algorithm2e/algorithm2e.sty
Package: algorithm2e 2017/07/18 v5.2 algorithms environments
\c@AlgoLine=\count323

(c:/texlive/2023/texmf-dist/tex/latex/base/ifthen.sty
Package: ifthen 2022/04/13 v1.1d Standard LaTeX ifthen package (DPC)
)
\algocf@hangindent=\skip64

(c:/texlive/2023/texmf-dist/tex/latex/tools/xspace.sty
Package: xspace 2014/10/28 v1.13 Space after command names (DPC,MH)
)
\skiptotal=\skip65
\skiplinenumber=\skip66
\skiprule=\skip67
\skiphlne=\skip68
\skiptext=\skip69
\skiplength=\skip70
\algomargin=\skip71
\skipalgocfslide=\skip72
\algowidth=\dimen301
\inoutsize=\dimen302
\inoutindent=\dimen303
\interspacetitleruled=\dimen304
\interspacealgoruled=\dimen305
\interspacetitleboxruled=\dimen306
\algocf@ruledwidth=\skip73
\algocf@inoutbox=\box71
\algocf@inputbox=\box72
\AlCapSkip=\skip74
\AlCapHSkip=\skip75
\algoskipindent=\skip76
\algocf@nlbox=\box73
\algocf@hangingbox=\box74
\algocf@untilbox=\box75
\algocf@skipuntil=\skip77
\algocf@capbox=\box76
\algocf@lcaptionbox=\skip78
\algoheightruledefault=\skip79
\algoheightrule=\skip80
\algotitleheightruledefault=\skip81
\algotitleheightrule=\skip82
\c@algocfline=\count324
\c@algocfproc=\count325
\c@algocf=\count326
\algocf@algoframe=\box77
\algocf@algobox=\box78
)
(c:/texlive/2023/texmf-dist/tex/generic/ulem/ulem.sty
\UL@box=\box79
\UL@hyphenbox=\box80
\UL@skip=\skip83
\UL@hook=\toks46
\UL@height=\dimen307
\UL@pe=\count327
\UL@pixel=\dimen308
\ULC@box=\box81
Package: ulem 2019/11/18
\ULdepth=\dimen309
)
(c:/texlive/2023/texmf-dist/tex/latex/tools/longtable.sty
Package: longtable 2021-09-01 v4.17 Multi-page Table package (DPC)
\LTleft=\skip84
\LTright=\skip85
\LTpre=\skip86
\LTpost=\skip87
\LTchunksize=\count328
\LTcapwidth=\dimen310
\LT@head=\box82
\LT@firsthead=\box83
\LT@foot=\box84
\LT@lastfoot=\box85
\LT@gbox=\box86
\LT@cols=\count329
\LT@rows=\count330
\c@LT@tables=\count331
\c@LT@chunks=\count332
\LT@p@ftn=\toks47
)
(c:/texlive/2023/texmf-dist/tex/latex/float/float.sty
Package: float 2001/11/08 v1.3d Float enhancements (AL)
\c@float@type=\count333
\float@exts=\toks48
\float@box=\box87
\@float@everytoks=\toks49
\@floatcapt=\box88
)
(c:/texlive/2023/texmf-dist/tex/generic/soul/soul.sty
Package: soul 2023-06-14 v3.1 Permit use of UTF-8 characters in soul (HO)

(c:/texlive/2023/texmf-dist/tex/generic/soul/soul-ori.sty
Package: soul-ori 2023-06-14 v3.1 letterspacing/underlining (mf)
\SOUL@word=\toks50
\SOUL@lasttoken=\toks51
\SOUL@syllable=\toks52
\SOUL@cmds=\toks53
\SOUL@buffer=\toks54
\SOUL@token=\toks55
\SOUL@syllgoal=\dimen311
\SOUL@syllwidth=\dimen312
\SOUL@charkern=\dimen313
\SOUL@hyphkern=\dimen314
\SOUL@dimen=\dimen315
\SOUL@dimeni=\dimen316
\SOUL@minus=\count334
\SOUL@comma=\count335
\SOUL@apo=\count336
\SOUL@grave=\count337
\SOUL@spaceskip=\skip88
\SOUL@ttwidth=\dimen317
\SOUL@uldp=\dimen318
\SOUL@ulht=\dimen319
)
(c:/texlive/2023/texmf-dist/tex/generic/infwarerr/infwarerr.sty
Package: infwarerr 2019/12/03 v1.5 Providing info/warning/error messages (HO)
)
(c:/texlive/2023/texmf-dist/tex/generic/etexcmds/etexcmds.sty
Package: etexcmds 2019/12/15 v1.7 Avoid name clashes with e-TeX commands (HO)

(c:/texlive/2023/texmf-dist/tex/generic/iftex/iftex.sty
Package: iftex 2022/02/03 v1.0f TeX engine tests
)))
(./rhizodeposit_influence_manuscript.aux)
\openout1 = `rhizodeposit_influence_manuscript.aux'.

LaTeX Font Info:    Checking defaults for OML/cmm/m/it on input line 63.
LaTeX Font Info:    ... okay on input line 63.
LaTeX Font Info:    Checking defaults for OMS/cmsy/m/n on input line 63.
LaTeX Font Info:    ... okay on input line 63.
LaTeX Font Info:    Checking defaults for OT1/cmr/m/n on input line 63.
LaTeX Font Info:    ... okay on input line 63.
LaTeX Font Info:    Checking defaults for T1/cmr/m/n on input line 63.
LaTeX Font Info:    ... okay on input line 63.
LaTeX Font Info:    Checking defaults for TS1/cmr/m/n on input line 63.
LaTeX Font Info:    ... okay on input line 63.
LaTeX Font Info:    Checking defaults for OMX/cmex/m/n on input line 63.
LaTeX Font Info:    ... okay on input line 63.
LaTeX Font Info:    Checking defaults for U/cmr/m/n on input line 63.
LaTeX Font Info:    ... okay on input line 63.

(c:/texlive/2023/texmf-dist/tex/context/base/mkii/supp-pdf.mkii
[Loading MPS to PDF converter (version 2006.09.02).]
\scratchcounter=\count338
\scratchdimen=\dimen320
\scratchbox=\box89
\nofMPsegments=\count339
\nofMParguments=\count340
\everyMPshowfont=\toks56
\MPscratchCnt=\count341
\MPscratchDim=\dimen321
\MPnumerator=\count342
\makeMPintoPDFobject=\count343
\everyMPtoPDFconversion=\toks57
) (c:/texlive/2023/texmf-dist/tex/latex/epstopdf-pkg/epstopdf-base.sty
Package: epstopdf-base 2020-01-24 v2.11 Base part for package epstopdf
Package epstopdf-base Info: Redefining graphics rule for `.eps' on input line 4
85.

(c:/texlive/2023/texmf-dist/tex/latex/latexconfig/epstopdf-sys.cfg
File: epstopdf-sys.cfg 2010/07/13 v1.3 Configuration of (r)epstopdf for TeX Liv
e
))
Package caption Info: Begin \AtBeginDocument code.
Package caption Info: float package is loaded.
Package caption Info: listings package is loaded.
Package caption Info: longtable package is loaded.

(c:/texlive/2023/texmf-dist/tex/latex/caption/ltcaption.sty
Package: ltcaption 2021/01/08 v1.4c longtable captions (AR)
)
Package caption Info: End \AtBeginDocument code.
\c@lstlisting=\count344
LaTeX Font Info:    Trying to load font information for U+msa on input line 65.


(c:/texlive/2023/texmf-dist/tex/latex/amsfonts/umsa.fd
File: umsa.fd 2013/01/14 v3.01 AMS symbols A
)
LaTeX Font Info:    Trying to load font information for U+msb on input line 65.


(c:/texlive/2023/texmf-dist/tex/latex/amsfonts/umsb.fd
File: umsb.fd 2013/01/14 v3.01 AMS symbols B
)
Underfull \hbox (badness 6708) in paragraph at lines 65--65
[][]\OT1/cmr/m/n/9 Department of Con-ser-va-tion of Nat-u-ral Re-sources, NEIKE
R, De-rio, Basque Coun-try, Spain
 []


Underfull \hbox (badness 6708) in paragraph at lines 65--65
[][]\OT1/cmr/m/n/9 Department of Con-ser-va-tion of Nat-u-ral Re-sources, NEIKE
R, De-rio, Basque Coun-try, Spain
 []

[1

{c:/texlive/2023/texmf-var/fonts/map/pdftex/updmap/pdftex.map}{c:/texlive/2023/
texmf-dist/fonts/enc/dvips/cm-super/cm-super-ts1.enc}]
Package epstopdf Info: Source file: <figures/concept_figure_10_10_24.eps>
(epstopdf)                    date: 2024-10-10 14:26:30
(epstopdf)                    size: 245742 bytes
(epstopdf)             Output file: <figures/concept_figure_10_10_24-eps-conver
ted-to.pdf>
(epstopdf)                    date: 2024-10-10 14:27:03
(epstopdf)                    size: 242011 bytes
(epstopdf)             Command: <repstopdf --outfile=figures/concept_figure_10_
10_24-eps-converted-to.pdf figures/concept_figure_10_10_24.eps>
(epstopdf)             \includegraphics on input line 87.
Package epstopdf Info: Output file is already uptodate.
<figures/concept_figure_10_10_24-eps-converted-to.pdf, id=14, 482.80376pt x 317
.185pt>
File: figures/concept_figure_10_10_24-eps-converted-to.pdf Graphic file (type p
df)
<use figures/concept_figure_10_10_24-eps-converted-to.pdf>
Package pdftex.def Info: figures/concept_figure_10_10_24-eps-converted-to.pdf  
used on input line 87.
(pdftex.def)             Requested size: 341.43306pt x 224.31721pt.
 [1

] [2 <./figures/concept_figure_10_10_24-eps-converted-to.pdf>] [3]
Overfull \hbox (5.14146pt too wide) in paragraph at lines 279--283
\OT1/cmr/m/n/10 evap-o-ra-tion, $[][]$ $[[][]]$ is the ref-er-ence evap-o-tran-
spi-ra-tion, $\OML/cmm/m/it/10 P$ $\OT1/cmr/m/n/10 [[][]]$ the pre-cip-i-ta-tio
n rate and $\OML/cmm/m/it/10 RO$ $\OT1/cmr/m/n/10 [[][]]$
 []

[4] [5] [6]
Package epstopdf Info: Source file: <figures/pr_ppat1ptot0_12.eps>
(epstopdf)                    date: 2024-09-20 14:45:13
(epstopdf)                    size: 22626 bytes
(epstopdf)             Output file: <figures/pr_ppat1ptot0_12-eps-converted-to.
pdf>
(epstopdf)                    date: 2024-09-20 15:41:36
(epstopdf)                    size: 14489 bytes
(epstopdf)             Command: <repstopdf --outfile=figures/pr_ppat1ptot0_12-e
ps-converted-to.pdf figures/pr_ppat1ptot0_12.eps>
(epstopdf)             \includegraphics on input line 355.
Package epstopdf Info: Output file is already uptodate.
<figures/pr_ppat1ptot0_12-eps-converted-to.pdf, id=49, 578.16pt x 289.08pt>
File: figures/pr_ppat1ptot0_12-eps-converted-to.pdf Graphic file (type pdf)
<use figures/pr_ppat1ptot0_12-eps-converted-to.pdf>
Package pdftex.def Info: figures/pr_ppat1ptot0_12-eps-converted-to.pdf  used on
 input line 355.
(pdftex.def)             Requested size: 145.68143pt x 72.83884pt.
Package epstopdf Info: Source file: <figures/pr_ppat2ptot0_12.eps>
(epstopdf)                    date: 2024-09-20 14:45:17
(epstopdf)                    size: 23061 bytes
(epstopdf)             Output file: <figures/pr_ppat2ptot0_12-eps-converted-to.
pdf>
(epstopdf)                    date: 2024-09-20 15:41:38
(epstopdf)                    size: 14589 bytes
(epstopdf)             Command: <repstopdf --outfile=figures/pr_ppat2ptot0_12-e
ps-converted-to.pdf figures/pr_ppat2ptot0_12.eps>
(epstopdf)             \includegraphics on input line 359.
Package epstopdf Info: Output file is already uptodate.
<figures/pr_ppat2ptot0_12-eps-converted-to.pdf, id=50, 578.16pt x 289.08pt>
File: figures/pr_ppat2ptot0_12-eps-converted-to.pdf Graphic file (type pdf)
<use figures/pr_ppat2ptot0_12-eps-converted-to.pdf>
Package pdftex.def Info: figures/pr_ppat2ptot0_12-eps-converted-to.pdf  used on
 input line 359.
(pdftex.def)             Requested size: 145.68143pt x 72.83884pt.
Package epstopdf Info: Source file: <figures/pr_ppat3ptot0_12.eps>
(epstopdf)                    date: 2024-09-20 14:45:22
(epstopdf)                    size: 23471 bytes
(epstopdf)             Output file: <figures/pr_ppat3ptot0_12-eps-converted-to.
pdf>
(epstopdf)                    date: 2024-09-20 15:41:39
(epstopdf)                    size: 14688 bytes
(epstopdf)             Command: <repstopdf --outfile=figures/pr_ppat3ptot0_12-e
ps-converted-to.pdf figures/pr_ppat3ptot0_12.eps>
(epstopdf)             \includegraphics on input line 363.
Package epstopdf Info: Output file is already uptodate.
<figures/pr_ppat3ptot0_12-eps-converted-to.pdf, id=51, 578.16pt x 289.08pt>
File: figures/pr_ppat3ptot0_12-eps-converted-to.pdf Graphic file (type pdf)
<use figures/pr_ppat3ptot0_12-eps-converted-to.pdf>
Package pdftex.def Info: figures/pr_ppat3ptot0_12-eps-converted-to.pdf  used on
 input line 363.
(pdftex.def)             Requested size: 145.68143pt x 72.83884pt.
Package epstopdf Info: Source file: <figures/ev_ppat1ptot0_12.eps>
(epstopdf)                    date: 2024-09-25 08:23:58
(epstopdf)                    size: 92400 bytes
(epstopdf)             Output file: <figures/ev_ppat1ptot0_12-eps-converted-to.
pdf>
(epstopdf)                    date: 2024-09-25 08:29:28
(epstopdf)                    size: 33949 bytes
(epstopdf)             Command: <repstopdf --outfile=figures/ev_ppat1ptot0_12-e
ps-converted-to.pdf figures/ev_ppat1ptot0_12.eps>
(epstopdf)             \includegraphics on input line 367.
Package epstopdf Info: Output file is already uptodate.
<figures/ev_ppat1ptot0_12-eps-converted-to.pdf, id=52, 578.16pt x 289.08pt>
File: figures/ev_ppat1ptot0_12-eps-converted-to.pdf Graphic file (type pdf)
<use figures/ev_ppat1ptot0_12-eps-converted-to.pdf>
Package pdftex.def Info: figures/ev_ppat1ptot0_12-eps-converted-to.pdf  used on
 input line 367.
(pdftex.def)             Requested size: 145.68143pt x 72.83884pt.
Package epstopdf Info: Source file: <figures/ev_ppat2ptot0_12.eps>
(epstopdf)                    date: 2024-09-25 08:35:01
(epstopdf)                    size: 97357 bytes
(epstopdf)             Output file: <figures/ev_ppat2ptot0_12-eps-converted-to.
pdf>
(epstopdf)                    date: 2024-09-25 08:38:48
(epstopdf)                    size: 34655 bytes
(epstopdf)             Command: <repstopdf --outfile=figures/ev_ppat2ptot0_12-e
ps-converted-to.pdf figures/ev_ppat2ptot0_12.eps>
(epstopdf)             \includegraphics on input line 371.
Package epstopdf Info: Output file is already uptodate.
<figures/ev_ppat2ptot0_12-eps-converted-to.pdf, id=53, 578.16pt x 289.08pt>
File: figures/ev_ppat2ptot0_12-eps-converted-to.pdf Graphic file (type pdf)
<use figures/ev_ppat2ptot0_12-eps-converted-to.pdf>
Package pdftex.def Info: figures/ev_ppat2ptot0_12-eps-converted-to.pdf  used on
 input line 371.
(pdftex.def)             Requested size: 145.68143pt x 72.83884pt.
Package epstopdf Info: Source file: <figures/ev_ppat3ptot0_12.eps>
(epstopdf)                    date: 2024-09-25 08:35:07
(epstopdf)                    size: 103141 bytes
(epstopdf)             Output file: <figures/ev_ppat3ptot0_12-eps-converted-to.
pdf>
(epstopdf)                    date: 2024-09-25 08:38:50
(epstopdf)                    size: 36494 bytes
(epstopdf)             Command: <repstopdf --outfile=figures/ev_ppat3ptot0_12-e
ps-converted-to.pdf figures/ev_ppat3ptot0_12.eps>
(epstopdf)             \includegraphics on input line 375.
Package epstopdf Info: Output file is already uptodate.
<figures/ev_ppat3ptot0_12-eps-converted-to.pdf, id=54, 578.16pt x 289.08pt>
File: figures/ev_ppat3ptot0_12-eps-converted-to.pdf Graphic file (type pdf)
<use figures/ev_ppat3ptot0_12-eps-converted-to.pdf>
Package pdftex.def Info: figures/ev_ppat3ptot0_12-eps-converted-to.pdf  used on
 input line 375.
(pdftex.def)             Requested size: 145.68143pt x 72.83884pt.
Package epstopdf Info: Source file: <figures/up_ppat1ptot0_12.eps>
(epstopdf)                    date: 2024-09-25 08:42:22
(epstopdf)                    size: 28313 bytes
(epstopdf)             Output file: <figures/up_ppat1ptot0_12-eps-converted-to.
pdf>
(epstopdf)                    date: 2024-09-25 08:44:54
(epstopdf)                    size: 15891 bytes
(epstopdf)             Command: <repstopdf --outfile=figures/up_ppat1ptot0_12-e
ps-converted-to.pdf figures/up_ppat1ptot0_12.eps>
(epstopdf)             \includegraphics on input line 379.
Package epstopdf Info: Output file is already uptodate.
<figures/up_ppat1ptot0_12-eps-converted-to.pdf, id=55, 578.16pt x 289.08pt>
File: figures/up_ppat1ptot0_12-eps-converted-to.pdf Graphic file (type pdf)
<use figures/up_ppat1ptot0_12-eps-converted-to.pdf>
Package pdftex.def Info: figures/up_ppat1ptot0_12-eps-converted-to.pdf  used on
 input line 379.
(pdftex.def)             Requested size: 145.68143pt x 72.83884pt.
Package epstopdf Info: Source file: <figures/up_ppat2ptot0_12.eps>
(epstopdf)                    date: 2024-09-25 08:42:28
(epstopdf)                    size: 26605 bytes
(epstopdf)             Output file: <figures/up_ppat2ptot0_12-eps-converted-to.
pdf>
(epstopdf)                    date: 2024-09-25 08:44:55
(epstopdf)                    size: 15376 bytes
(epstopdf)             Command: <repstopdf --outfile=figures/up_ppat2ptot0_12-e
ps-converted-to.pdf figures/up_ppat2ptot0_12.eps>
(epstopdf)             \includegraphics on input line 383.
Package epstopdf Info: Output file is already uptodate.
<figures/up_ppat2ptot0_12-eps-converted-to.pdf, id=56, 578.16pt x 289.08pt>
File: figures/up_ppat2ptot0_12-eps-converted-to.pdf Graphic file (type pdf)
<use figures/up_ppat2ptot0_12-eps-converted-to.pdf>
Package pdftex.def Info: figures/up_ppat2ptot0_12-eps-converted-to.pdf  used on
 input line 383.
(pdftex.def)             Requested size: 145.68143pt x 72.83884pt.
Package epstopdf Info: Source file: <figures/up_ppat3ptot0_12.eps>
(epstopdf)                    date: 2024-09-25 08:42:33
(epstopdf)                    size: 26899 bytes
(epstopdf)             Output file: <figures/up_ppat3ptot0_12-eps-converted-to.
pdf>
(epstopdf)                    date: 2024-09-25 08:44:57
(epstopdf)                    size: 15439 bytes
(epstopdf)             Command: <repstopdf --outfile=figures/up_ppat3ptot0_12-e
ps-converted-to.pdf figures/up_ppat3ptot0_12.eps>
(epstopdf)             \includegraphics on input line 387.
Package epstopdf Info: Output file is already uptodate.
<figures/up_ppat3ptot0_12-eps-converted-to.pdf, id=57, 578.16pt x 289.08pt>
File: figures/up_ppat3ptot0_12-eps-converted-to.pdf Graphic file (type pdf)
<use figures/up_ppat3ptot0_12-eps-converted-to.pdf>
Package pdftex.def Info: figures/up_ppat3ptot0_12-eps-converted-to.pdf  used on
 input line 387.
(pdftex.def)             Requested size: 145.68143pt x 72.83884pt.
Package epstopdf Info: Source file: <figures/pr_ppat1ptot0_28.eps>
(epstopdf)                    date: 2024-09-20 14:44:47
(epstopdf)                    size: 22672 bytes
(epstopdf)             Output file: <figures/pr_ppat1ptot0_28-eps-converted-to.
pdf>
(epstopdf)                    date: 2024-09-20 15:47:43
(epstopdf)                    size: 14498 bytes
(epstopdf)             Command: <repstopdf --outfile=figures/pr_ppat1ptot0_28-e
ps-converted-to.pdf figures/pr_ppat1ptot0_28.eps>
(epstopdf)             \includegraphics on input line 397.
Package epstopdf Info: Output file is already uptodate.
<figures/pr_ppat1ptot0_28-eps-converted-to.pdf, id=58, 578.16pt x 289.08pt>
File: figures/pr_ppat1ptot0_28-eps-converted-to.pdf Graphic file (type pdf)
<use figures/pr_ppat1ptot0_28-eps-converted-to.pdf>
Package pdftex.def Info: figures/pr_ppat1ptot0_28-eps-converted-to.pdf  used on
 input line 397.
(pdftex.def)             Requested size: 145.68143pt x 72.83884pt.
Package epstopdf Info: Source file: <figures/pr_ppat2ptot0_28.eps>
(epstopdf)                    date: 2024-09-20 14:44:53
(epstopdf)                    size: 23167 bytes
(epstopdf)             Output file: <figures/pr_ppat2ptot0_28-eps-converted-to.
pdf>
(epstopdf)                    date: 2024-09-20 15:47:44
(epstopdf)                    size: 14619 bytes
(epstopdf)             Command: <repstopdf --outfile=figures/pr_ppat2ptot0_28-e
ps-converted-to.pdf figures/pr_ppat2ptot0_28.eps>
(epstopdf)             \includegraphics on input line 401.
Package epstopdf Info: Output file is already uptodate.
<figures/pr_ppat2ptot0_28-eps-converted-to.pdf, id=59, 578.16pt x 289.08pt>
File: figures/pr_ppat2ptot0_28-eps-converted-to.pdf Graphic file (type pdf)
<use figures/pr_ppat2ptot0_28-eps-converted-to.pdf>
Package pdftex.def Info: figures/pr_ppat2ptot0_28-eps-converted-to.pdf  used on
 input line 401.
(pdftex.def)             Requested size: 145.68143pt x 72.83884pt.
Package epstopdf Info: Source file: <figures/pr_ppat3ptot0_28.eps>
(epstopdf)                    date: 2024-09-20 14:45:03
(epstopdf)                    size: 23539 bytes
(epstopdf)             Output file: <figures/pr_ppat3ptot0_28-eps-converted-to.
pdf>
(epstopdf)                    date: 2024-09-20 15:47:46
(epstopdf)                    size: 14708 bytes
(epstopdf)             Command: <repstopdf --outfile=figures/pr_ppat3ptot0_28-e
ps-converted-to.pdf figures/pr_ppat3ptot0_28.eps>
(epstopdf)             \includegraphics on input line 405.
Package epstopdf Info: Output file is already uptodate.
<figures/pr_ppat3ptot0_28-eps-converted-to.pdf, id=60, 578.16pt x 289.08pt>
File: figures/pr_ppat3ptot0_28-eps-converted-to.pdf Graphic file (type pdf)
<use figures/pr_ppat3ptot0_28-eps-converted-to.pdf>
Package pdftex.def Info: figures/pr_ppat3ptot0_28-eps-converted-to.pdf  used on
 input line 405.
(pdftex.def)             Requested size: 145.68143pt x 72.83884pt.
Package epstopdf Info: Source file: <figures/ev_ppat1ptot0_28.eps>
(epstopdf)                    date: 2024-09-25 08:22:33
(epstopdf)                    size: 108139 bytes
(epstopdf)             Output file: <figures/ev_ppat1ptot0_28-eps-converted-to.
pdf>
(epstopdf)                    date: 2024-09-25 08:29:30
(epstopdf)                    size: 38501 bytes
(epstopdf)             Command: <repstopdf --outfile=figures/ev_ppat1ptot0_28-e
ps-converted-to.pdf figures/ev_ppat1ptot0_28.eps>
(epstopdf)             \includegraphics on input line 409.
Package epstopdf Info: Output file is already uptodate.
<figures/ev_ppat1ptot0_28-eps-converted-to.pdf, id=61, 578.16pt x 289.08pt>
File: figures/ev_ppat1ptot0_28-eps-converted-to.pdf Graphic file (type pdf)
<use figures/ev_ppat1ptot0_28-eps-converted-to.pdf>
Package pdftex.def Info: figures/ev_ppat1ptot0_28-eps-converted-to.pdf  used on
 input line 409.
(pdftex.def)             Requested size: 145.68143pt x 72.83884pt.
Package epstopdf Info: Source file: <figures/ev_ppat2ptot0_28.eps>
(epstopdf)                    date: 2024-09-25 08:35:21
(epstopdf)                    size: 130010 bytes
(epstopdf)             Output file: <figures/ev_ppat2ptot0_28-eps-converted-to.
pdf>
(epstopdf)                    date: 2024-09-25 08:38:54
(epstopdf)                    size: 43641 bytes
(epstopdf)             Command: <repstopdf --outfile=figures/ev_ppat2ptot0_28-e
ps-converted-to.pdf figures/ev_ppat2ptot0_28.eps>
(epstopdf)             \includegraphics on input line 413.
Package epstopdf Info: Output file is already uptodate.
<figures/ev_ppat2ptot0_28-eps-converted-to.pdf, id=62, 578.16pt x 289.08pt>
File: figures/ev_ppat2ptot0_28-eps-converted-to.pdf Graphic file (type pdf)
<use figures/ev_ppat2ptot0_28-eps-converted-to.pdf>
Package pdftex.def Info: figures/ev_ppat2ptot0_28-eps-converted-to.pdf  used on
 input line 413.
(pdftex.def)             Requested size: 145.68143pt x 72.83884pt.
Package epstopdf Info: Source file: <figures/ev_ppat3ptot0_28.eps>
(epstopdf)                    date: 2024-09-25 08:35:28
(epstopdf)                    size: 142784 bytes
(epstopdf)             Output file: <figures/ev_ppat3ptot0_28-eps-converted-to.
pdf>
(epstopdf)                    date: 2024-09-25 08:38:56
(epstopdf)                    size: 47262 bytes
(epstopdf)             Command: <repstopdf --outfile=figures/ev_ppat3ptot0_28-e
ps-converted-to.pdf figures/ev_ppat3ptot0_28.eps>
(epstopdf)             \includegraphics on input line 417.
Package epstopdf Info: Output file is already uptodate.
<figures/ev_ppat3ptot0_28-eps-converted-to.pdf, id=63, 578.16pt x 289.08pt>
File: figures/ev_ppat3ptot0_28-eps-converted-to.pdf Graphic file (type pdf)
<use figures/ev_ppat3ptot0_28-eps-converted-to.pdf>
Package pdftex.def Info: figures/ev_ppat3ptot0_28-eps-converted-to.pdf  used on
 input line 417.
(pdftex.def)             Requested size: 145.68143pt x 72.83884pt.
Package epstopdf Info: Source file: <figures/up_ppat1ptot0_28.eps>
(epstopdf)                    date: 2024-09-25 08:42:44
(epstopdf)                    size: 41811 bytes
(epstopdf)             Output file: <figures/up_ppat1ptot0_28-eps-converted-to.
pdf>
(epstopdf)                    date: 2024-09-25 08:44:59
(epstopdf)                    size: 19929 bytes
(epstopdf)             Command: <repstopdf --outfile=figures/up_ppat1ptot0_28-e
ps-converted-to.pdf figures/up_ppat1ptot0_28.eps>
(epstopdf)             \includegraphics on input line 421.
Package epstopdf Info: Output file is already uptodate.
<figures/up_ppat1ptot0_28-eps-converted-to.pdf, id=64, 578.16pt x 289.08pt>
File: figures/up_ppat1ptot0_28-eps-converted-to.pdf Graphic file (type pdf)
<use figures/up_ppat1ptot0_28-eps-converted-to.pdf>
Package pdftex.def Info: figures/up_ppat1ptot0_28-eps-converted-to.pdf  used on
 input line 421.
(pdftex.def)             Requested size: 145.68143pt x 72.83884pt.
Package epstopdf Info: Source file: <figures/up_ppat2ptot0_28.eps>
(epstopdf)                    date: 2024-09-25 08:42:49
(epstopdf)                    size: 38105 bytes
(epstopdf)             Output file: <figures/up_ppat2ptot0_28-eps-converted-to.
pdf>
(epstopdf)                    date: 2024-09-25 08:45:00
(epstopdf)                    size: 18967 bytes
(epstopdf)             Command: <repstopdf --outfile=figures/up_ppat2ptot0_28-e
ps-converted-to.pdf figures/up_ppat2ptot0_28.eps>
(epstopdf)             \includegraphics on input line 425.
Package epstopdf Info: Output file is already uptodate.
<figures/up_ppat2ptot0_28-eps-converted-to.pdf, id=65, 578.16pt x 289.08pt>
File: figures/up_ppat2ptot0_28-eps-converted-to.pdf Graphic file (type pdf)
<use figures/up_ppat2ptot0_28-eps-converted-to.pdf>
Package pdftex.def Info: figures/up_ppat2ptot0_28-eps-converted-to.pdf  used on
 input line 425.
(pdftex.def)             Requested size: 145.68143pt x 72.83884pt.
Package epstopdf Info: Source file: <figures/up_ppat3ptot0_28.eps>
(epstopdf)                    date: 2024-09-25 08:42:56
(epstopdf)                    size: 37617 bytes
(epstopdf)             Output file: <figures/up_ppat3ptot0_28-eps-converted-to.
pdf>
(epstopdf)                    date: 2024-09-25 08:45:02
(epstopdf)                    size: 18757 bytes
(epstopdf)             Command: <repstopdf --outfile=figures/up_ppat3ptot0_28-e
ps-converted-to.pdf figures/up_ppat3ptot0_28.eps>
(epstopdf)             \includegraphics on input line 429.
Package epstopdf Info: Output file is already uptodate.
<figures/up_ppat3ptot0_28-eps-converted-to.pdf, id=66, 578.16pt x 289.08pt>
File: figures/up_ppat3ptot0_28-eps-converted-to.pdf Graphic file (type pdf)
<use figures/up_ppat3ptot0_28-eps-converted-to.pdf>
Package pdftex.def Info: figures/up_ppat3ptot0_28-eps-converted-to.pdf  used on
 input line 429.
(pdftex.def)             Requested size: 145.68143pt x 72.83884pt.
Package epstopdf Info: Source file: <figures/almeria_3_events.eps>
(epstopdf)                    date: 2024-10-10 15:22:31
(epstopdf)                    size: 895273 bytes
(epstopdf)             Output file: <figures/almeria_3_events-eps-converted-to.
pdf>
(epstopdf)                    date: 2024-10-10 15:22:38
(epstopdf)                    size: 379763 bytes
(epstopdf)             Command: <repstopdf --outfile=figures/almeria_3_events-e
ps-converted-to.pdf figures/almeria_3_events.eps>
(epstopdf)             \includegraphics on input line 466.
Package epstopdf Info: Output file is already uptodate.
<figures/almeria_3_events-eps-converted-to.pdf, id=67, 563.10374pt x 831.105pt>

File: figures/almeria_3_events-eps-converted-to.pdf Graphic file (type pdf)
<use figures/almeria_3_events-eps-converted-to.pdf>
Package pdftex.def Info: figures/almeria_3_events-eps-converted-to.pdf  used on
 input line 466.
(pdftex.def)             Requested size: 341.43306pt x 503.92972pt.
Package epstopdf Info: Source file: <figures/madrid_1_event.eps>
(epstopdf)                    date: 2024-10-10 15:25:04
(epstopdf)                    size: 1333395 bytes
(epstopdf)             Output file: <figures/madrid_1_event-eps-converted-to.pd
f>
(epstopdf)                    date: 2024-10-10 15:25:45
(epstopdf)                    size: 671259 bytes
(epstopdf)             Command: <repstopdf --outfile=figures/madrid_1_event-eps
-converted-to.pdf figures/madrid_1_event.eps>
(epstopdf)             \includegraphics on input line 501.
Package epstopdf Info: Output file is already uptodate.
<figures/madrid_1_event-eps-converted-to.pdf, id=68, 563.10374pt x 832.10875pt>

File: figures/madrid_1_event-eps-converted-to.pdf Graphic file (type pdf)
<use figures/madrid_1_event-eps-converted-to.pdf>
Package pdftex.def Info: figures/madrid_1_event-eps-converted-to.pdf  used on i
nput line 501.
(pdftex.def)             Requested size: 341.43306pt x 504.53833pt.
Package epstopdf Info: Source file: <figures/age_vs_rain_per_event.eps>
(epstopdf)                    date: 2024-09-27 09:10:57
(epstopdf)                    size: 418422 bytes
(epstopdf)             Output file: <figures/age_vs_rain_per_event-eps-converte
d-to.pdf>
(epstopdf)                    date: 2024-09-27 09:15:50
(epstopdf)                    size: 23450 bytes
(epstopdf)             Command: <repstopdf --outfile=figures/age_vs_rain_per_ev
ent-eps-converted-to.pdf figures/age_vs_rain_per_event.eps>
(epstopdf)             \includegraphics on input line 507.
Package epstopdf Info: Output file is already uptodate.
<figures/age_vs_rain_per_event-eps-converted-to.pdf, id=69, 433.62pt x 289.08pt
>
File: figures/age_vs_rain_per_event-eps-converted-to.pdf Graphic file (type pdf
)
<use figures/age_vs_rain_per_event-eps-converted-to.pdf>
Package pdftex.def Info: figures/age_vs_rain_per_event-eps-converted-to.pdf  us
ed on input line 507.
(pdftex.def)             Requested size: 455.24408pt x 303.51207pt.
 [7] [8 <./figures/pr_ppat1ptot0_12-eps-converted-to.pdf> <./figures/pr_ppat2pt
ot0_12-eps-converted-to.pdf> <./figures/pr_ppat3ptot0_12-eps-converted-to.pdf> 
<./figures/ev_ppat1ptot0_12-eps-converted-to.pdf> <./figures/ev_ppat2ptot0_12-e
ps-converted-to.pdf> <./figures/ev_ppat3ptot0_12-eps-converted-to.pdf> <./figur
es/up_ppat1ptot0_12-eps-converted-to.pdf> <./figures/up_ppat2ptot0_12-eps-conve
rted-to.pdf> <./figures/up_ppat3ptot0_12-eps-converted-to.pdf>]
[9 <./figures/pr_ppat1ptot0_28-eps-converted-to.pdf> <./figures/pr_ppat2ptot0_2
8-eps-converted-to.pdf> <./figures/pr_ppat3ptot0_28-eps-converted-to.pdf> <./fi
gures/ev_ppat1ptot0_28-eps-converted-to.pdf> <./figures/ev_ppat2ptot0_28-eps-co
nverted-to.pdf> <./figures/ev_ppat3ptot0_28-eps-converted-to.pdf> <./figures/up
_ppat1ptot0_28-eps-converted-to.pdf> <./figures/up_ppat2ptot0_28-eps-converted-
to.pdf> <./figures/up_ppat3ptot0_28-eps-converted-to.pdf>] [10 <./figures/almer
ia_3_events-eps-converted-to.pdf>] [11 <./figures/madrid_1_event-eps-converted-
to.pdf>] [12 <./figures/age_vs_rain_per_event-eps-converted-to.pdf>] [13]
[14] (./rhizodeposit_influence_manuscript.bbl [15] [16] [17]) [18]
(./rhizodeposit_influence_manuscript.aux)
 ***********
LaTeX2e <2023-06-01> patch level 1
L3 programming layer <2023-06-16>
 ***********
 ) 
Here is how much of TeX's memory you used:
 22857 strings out of 475723
 437202 string characters out of 5785846
 1892763 words of memory out of 5000000
 43211 multiletter control sequences out of 15000+600000
 526770 words of font info for 84 fonts, out of 8000000 for 9000
 1141 hyphenation exceptions out of 8191
 102i,17n,107p,3279b,609s stack positions out of 10000i,1000n,20000p,200000b,200000s
<c:/texlive/2023/texmf-dist/fonts/type1/public/amsfonts/cm/cmbx10.pfb><c:/tex
live/2023/texmf-dist/fonts/type1/public/amsfonts/cm/cmbx12.pfb><c:/texlive/2023
/texmf-dist/fonts/type1/public/amsfonts/cm/cmbxti10.pfb><c:/texlive/2023/texmf-
dist/fonts/type1/public/amsfonts/cm/cmex10.pfb><c:/texlive/2023/texmf-dist/font
s/type1/public/amsfonts/cm/cmmi10.pfb><c:/texlive/2023/texmf-dist/fonts/type1/p
ublic/amsfonts/cm/cmmi5.pfb><c:/texlive/2023/texmf-dist/fonts/type1/public/amsf
onts/cm/cmmi7.pfb><c:/texlive/2023/texmf-dist/fonts/type1/public/amsfonts/cm/cm
mi9.pfb><c:/texlive/2023/texmf-dist/fonts/type1/public/amsfonts/cm/cmr10.pfb><c
:/texlive/2023/texmf-dist/fonts/type1/public/amsfonts/cm/cmr12.pfb><c:/texlive/
2023/texmf-dist/fonts/type1/public/amsfonts/cm/cmr17.pfb><c:/texlive/2023/texmf
-dist/fonts/type1/public/amsfonts/cm/cmr5.pfb><c:/texlive/2023/texmf-dist/fonts
/type1/public/amsfonts/cm/cmr6.pfb><c:/texlive/2023/texmf-dist/fonts/type1/publ
ic/amsfonts/cm/cmr7.pfb><c:/texlive/2023/texmf-dist/fonts/type1/public/amsfonts
/cm/cmr9.pfb><c:/texlive/2023/texmf-dist/fonts/type1/public/amsfonts/cm/cmss8.p
fb><c:/texlive/2023/texmf-dist/fonts/type1/public/amsfonts/cm/cmsy10.pfb><c:/te
xlive/2023/texmf-dist/fonts/type1/public/amsfonts/cm/cmsy6.pfb><c:/texlive/2023
/texmf-dist/fonts/type1/public/amsfonts/cm/cmsy7.pfb><c:/texlive/2023/texmf-dis
t/fonts/type1/public/amsfonts/cm/cmsy9.pfb><c:/texlive/2023/texmf-dist/fonts/ty
pe1/public/amsfonts/cm/cmti10.pfb><c:/texlive/2023/texmf-dist/fonts/type1/publi
c/cm-super/sfrm0600.pfb><c:/texlive/2023/texmf-dist/fonts/type1/public/cm-super
/sfrm0800.pfb><c:/texlive/2023/texmf-dist/fonts/type1/public/cm-super/sfrm1000.
pfb>
Output written on rhizodeposit_influence_manuscript.pdf (19 pages, 2011231 byte
s).
PDF statistics:
 987 PDF objects out of 1000 (max. 8388607)
 283 compressed objects within 3 object streams
 0 named destinations out of 1000 (max. 500000)
 123 words of extra memory for PDF output out of 10000 (max. 10000000)

